Performance Compare Loop:  100
###### Loop Count: [1]
./AES_encrypt_fast Execution Time: 0.616924...
./AES_decrypt_fast Execution Time: 0.551318...
./AES_encrypt Execution Time: 0.638956...
./AES_decrypt Execution Time: 0.662360...

### Compare result
## Compare file context encrypt.fast <-> encrypt.norm
  - Eqaul between encrypt.fast and encrypt.norm...
## Compare file context decrypt.fast <-> decrypt.norm
  - Eqaul between decrypt.fast and decrypt.norm...

## Compare Execution Time 0.616924 <-> 0.638956
  - Encryption performance improvement: 3.57%
## Compare Execution Time 0.551318 <-> 0.66236
  - Decnryption performance improvement: 20.14%

###### Loop Count: [2]
./AES_encrypt_fast Execution Time: 0.605222...
./AES_decrypt_fast Execution Time: 0.621477...
./AES_encrypt Execution Time: 0.647890...
./AES_decrypt Execution Time: 0.645777...

### Compare result
## Compare file context encrypt.fast <-> encrypt.norm
  - Eqaul between encrypt.fast and encrypt.norm...
## Compare file context decrypt.fast <-> decrypt.norm
  - Eqaul between decrypt.fast and decrypt.norm...

## Compare Execution Time 0.605222 <-> 0.64789
  - Encryption performance improvement: 7.05%
## Compare Execution Time 0.621477 <-> 0.645777
  - Decnryption performance improvement: 3.91%

###### Loop Count: [3]
./AES_encrypt_fast Execution Time: 0.549863...
./AES_decrypt_fast Execution Time: 0.635859...
./AES_encrypt Execution Time: 0.652004...
./AES_decrypt Execution Time: 0.651870...

### Compare result
## Compare file context encrypt.fast <-> encrypt.norm
  - Eqaul between encrypt.fast and encrypt.norm...
## Compare file context decrypt.fast <-> decrypt.norm
  - Eqaul between decrypt.fast and decrypt.norm...

## Compare Execution Time 0.549863 <-> 0.652004
  - Encryption performance improvement: 18.58%
## Compare Execution Time 0.635859 <-> 0.65187
  - Decnryption performance improvement: 2.52%

###### Loop Count: [4]
./AES_encrypt_fast Execution Time: 0.549452...
./AES_decrypt_fast Execution Time: 0.634001...
./AES_encrypt Execution Time: 0.655619...
./AES_decrypt Execution Time: 0.651205...

### Compare result
## Compare file context encrypt.fast <-> encrypt.norm
  - Eqaul between encrypt.fast and encrypt.norm...
## Compare file context decrypt.fast <-> decrypt.norm
  - Eqaul between decrypt.fast and decrypt.norm...

## Compare Execution Time 0.549452 <-> 0.655619
  - Encryption performance improvement: 19.32%
## Compare Execution Time 0.634001 <-> 0.651205
  - Decnryption performance improvement: 2.71%

###### Loop Count: [5]
./AES_encrypt_fast Execution Time: 0.550011...
./AES_decrypt_fast Execution Time: 0.629242...
./AES_encrypt Execution Time: 0.657273...
./AES_decrypt Execution Time: 0.652815...

### Compare result
## Compare file context encrypt.fast <-> encrypt.norm
  - Eqaul between encrypt.fast and encrypt.norm...
## Compare file context decrypt.fast <-> decrypt.norm
  - Eqaul between decrypt.fast and decrypt.norm...

## Compare Execution Time 0.550011 <-> 0.657273
  - Encryption performance improvement: 19.50%
## Compare Execution Time 0.629242 <-> 0.652815
  - Decnryption performance improvement: 3.75%

###### Loop Count: [6]
./AES_encrypt_fast Execution Time: 0.626850...
./AES_decrypt_fast Execution Time: 0.614403...
./AES_encrypt Execution Time: 0.648846...
./AES_decrypt Execution Time: 0.655770...

### Compare result
## Compare file context encrypt.fast <-> encrypt.norm
  - Eqaul between encrypt.fast and encrypt.norm...
## Compare file context decrypt.fast <-> decrypt.norm
  - Eqaul between decrypt.fast and decrypt.norm...

## Compare Execution Time 0.62685 <-> 0.648846
  - Encryption performance improvement: 3.51%
## Compare Execution Time 0.614403 <-> 0.65577
  - Decnryption performance improvement: 6.73%

###### Loop Count: [7]
./AES_encrypt_fast Execution Time: 0.580411...
./AES_decrypt_fast Execution Time: 0.624318...
./AES_encrypt Execution Time: 0.642450...
./AES_decrypt Execution Time: 0.671007...

### Compare result
## Compare file context encrypt.fast <-> encrypt.norm
  - Eqaul between encrypt.fast and encrypt.norm...
## Compare file context decrypt.fast <-> decrypt.norm
  - Eqaul between decrypt.fast and decrypt.norm...

## Compare Execution Time 0.580411 <-> 0.64245
  - Encryption performance improvement: 10.69%
## Compare Execution Time 0.624318 <-> 0.671007
  - Decnryption performance improvement: 7.48%

###### Loop Count: [8]
./AES_encrypt_fast Execution Time: 0.629028...
./AES_decrypt_fast Execution Time: 0.614616...
./AES_encrypt Execution Time: 0.650035...
./AES_decrypt Execution Time: 0.643653...

### Compare result
## Compare file context encrypt.fast <-> encrypt.norm
  - Eqaul between encrypt.fast and encrypt.norm...
## Compare file context decrypt.fast <-> decrypt.norm
  - Eqaul between decrypt.fast and decrypt.norm...

## Compare Execution Time 0.629028 <-> 0.650035
  - Encryption performance improvement: 3.34%
## Compare Execution Time 0.614616 <-> 0.643653
  - Decnryption performance improvement: 4.72%

###### Loop Count: [9]
./AES_encrypt_fast Execution Time: 0.584595...
./AES_decrypt_fast Execution Time: 0.625509...
./AES_encrypt Execution Time: 0.627489...
./AES_decrypt Execution Time: 0.647794...

### Compare result
## Compare file context encrypt.fast <-> encrypt.norm
  - Eqaul between encrypt.fast and encrypt.norm...
## Compare file context decrypt.fast <-> decrypt.norm
  - Eqaul between decrypt.fast and decrypt.norm...

## Compare Execution Time 0.584595 <-> 0.627489
  - Encryption performance improvement: 7.34%
## Compare Execution Time 0.625509 <-> 0.647794
  - Decnryption performance improvement: 3.56%

###### Loop Count: [10]
./AES_encrypt_fast Execution Time: 0.627350...
./AES_decrypt_fast Execution Time: 0.610078...
./AES_encrypt Execution Time: 0.651371...
./AES_decrypt Execution Time: 0.651194...

### Compare result
## Compare file context encrypt.fast <-> encrypt.norm
  - Eqaul between encrypt.fast and encrypt.norm...
## Compare file context decrypt.fast <-> decrypt.norm
  - Eqaul between decrypt.fast and decrypt.norm...

## Compare Execution Time 0.62735 <-> 0.651371
  - Encryption performance improvement: 3.83%
## Compare Execution Time 0.610078 <-> 0.651194
  - Decnryption performance improvement: 6.74%

###### Loop Count: [11]
./AES_encrypt_fast Execution Time: 0.631990...
./AES_decrypt_fast Execution Time: 0.625767...
./AES_encrypt Execution Time: 0.640656...
./AES_decrypt Execution Time: 0.658881...

### Compare result
## Compare file context encrypt.fast <-> encrypt.norm
  - Eqaul between encrypt.fast and encrypt.norm...
## Compare file context decrypt.fast <-> decrypt.norm
  - Eqaul between decrypt.fast and decrypt.norm...

## Compare Execution Time 0.63199 <-> 0.640656
  - Encryption performance improvement: 1.37%
## Compare Execution Time 0.625767 <-> 0.658881
  - Decnryption performance improvement: 5.29%

###### Loop Count: [12]
./AES_encrypt_fast Execution Time: 0.602735...
./AES_decrypt_fast Execution Time: 0.648371...
./AES_encrypt Execution Time: 0.634461...
./AES_decrypt Execution Time: 0.650000...

### Compare result
## Compare file context encrypt.fast <-> encrypt.norm
  - Eqaul between encrypt.fast and encrypt.norm...
## Compare file context decrypt.fast <-> decrypt.norm
  - Eqaul between decrypt.fast and decrypt.norm...

## Compare Execution Time 0.602735 <-> 0.634461
  - Encryption performance improvement: 5.26%
## Compare Execution Time 0.648371 <-> 0.65
  - Decnryption performance improvement: 0.25%

###### Loop Count: [13]
./AES_encrypt_fast Execution Time: 0.620291...
./AES_decrypt_fast Execution Time: 0.622980...
./AES_encrypt Execution Time: 0.646001...
./AES_decrypt Execution Time: 0.648194...

### Compare result
## Compare file context encrypt.fast <-> encrypt.norm
  - Eqaul between encrypt.fast and encrypt.norm...
## Compare file context decrypt.fast <-> decrypt.norm
  - Eqaul between decrypt.fast and decrypt.norm...

## Compare Execution Time 0.620291 <-> 0.646001
  - Encryption performance improvement: 4.14%
## Compare Execution Time 0.62298 <-> 0.648194
  - Decnryption performance improvement: 4.05%

###### Loop Count: [14]
./AES_encrypt_fast Execution Time: 0.625970...
./AES_decrypt_fast Execution Time: 0.622119...
./AES_encrypt Execution Time: 0.684171...
./AES_decrypt Execution Time: 0.672900...

### Compare result
## Compare file context encrypt.fast <-> encrypt.norm
  - Eqaul between encrypt.fast and encrypt.norm...
## Compare file context decrypt.fast <-> decrypt.norm
  - Eqaul between decrypt.fast and decrypt.norm...

## Compare Execution Time 0.62597 <-> 0.684171
  - Encryption performance improvement: 9.30%
## Compare Execution Time 0.622119 <-> 0.6729
  - Decnryption performance improvement: 8.16%

###### Loop Count: [15]
./AES_encrypt_fast Execution Time: 0.632023...
./AES_decrypt_fast Execution Time: 0.614743...
./AES_encrypt Execution Time: 0.647435...
./AES_decrypt Execution Time: 0.644236...

### Compare result
## Compare file context encrypt.fast <-> encrypt.norm
  - Eqaul between encrypt.fast and encrypt.norm...
## Compare file context decrypt.fast <-> decrypt.norm
  - Eqaul between decrypt.fast and decrypt.norm...

## Compare Execution Time 0.632023 <-> 0.647435
  - Encryption performance improvement: 2.44%
## Compare Execution Time 0.614743 <-> 0.644236
  - Decnryption performance improvement: 4.80%

###### Loop Count: [16]
./AES_encrypt_fast Execution Time: 0.554506...
./AES_decrypt_fast Execution Time: 0.614836...
./AES_encrypt Execution Time: 0.643414...
./AES_decrypt Execution Time: 0.661834...

### Compare result
## Compare file context encrypt.fast <-> encrypt.norm
  - Eqaul between encrypt.fast and encrypt.norm...
## Compare file context decrypt.fast <-> decrypt.norm
  - Eqaul between decrypt.fast and decrypt.norm...

## Compare Execution Time 0.554506 <-> 0.643414
  - Encryption performance improvement: 16.03%
## Compare Execution Time 0.614836 <-> 0.661834
  - Decnryption performance improvement: 7.64%

###### Loop Count: [17]
./AES_encrypt_fast Execution Time: 0.551443...
./AES_decrypt_fast Execution Time: 0.628778...
./AES_encrypt Execution Time: 0.649725...
./AES_decrypt Execution Time: 0.641773...

### Compare result
## Compare file context encrypt.fast <-> encrypt.norm
  - Eqaul between encrypt.fast and encrypt.norm...
## Compare file context decrypt.fast <-> decrypt.norm
  - Eqaul between decrypt.fast and decrypt.norm...

## Compare Execution Time 0.551443 <-> 0.649725
  - Encryption performance improvement: 17.82%
## Compare Execution Time 0.628778 <-> 0.641773
  - Decnryption performance improvement: 2.07%

###### Loop Count: [18]
./AES_encrypt_fast Execution Time: 0.587364...
./AES_decrypt_fast Execution Time: 0.630835...
./AES_encrypt Execution Time: 0.648951...
./AES_decrypt Execution Time: 0.657633...

### Compare result
## Compare file context encrypt.fast <-> encrypt.norm
  - Eqaul between encrypt.fast and encrypt.norm...
## Compare file context decrypt.fast <-> decrypt.norm
  - Eqaul between decrypt.fast and decrypt.norm...

## Compare Execution Time 0.587364 <-> 0.648951
  - Encryption performance improvement: 10.49%
## Compare Execution Time 0.630835 <-> 0.657633
  - Decnryption performance improvement: 4.25%

###### Loop Count: [19]
./AES_encrypt_fast Execution Time: 0.550376...
./AES_decrypt_fast Execution Time: 0.628174...
./AES_encrypt Execution Time: 0.635259...
./AES_decrypt Execution Time: 0.631276...

### Compare result
## Compare file context encrypt.fast <-> encrypt.norm
  - Eqaul between encrypt.fast and encrypt.norm...
## Compare file context decrypt.fast <-> decrypt.norm
  - Eqaul between decrypt.fast and decrypt.norm...

## Compare Execution Time 0.550376 <-> 0.635259
  - Encryption performance improvement: 15.42%
## Compare Execution Time 0.628174 <-> 0.631276
  - Decnryption performance improvement: 0.49%

###### Loop Count: [20]
./AES_encrypt_fast Execution Time: 0.626567...
./AES_decrypt_fast Execution Time: 0.549598...
./AES_encrypt Execution Time: 0.647407...
./AES_decrypt Execution Time: 0.663419...

### Compare result
## Compare file context encrypt.fast <-> encrypt.norm
  - Eqaul between encrypt.fast and encrypt.norm...
## Compare file context decrypt.fast <-> decrypt.norm
  - Eqaul between decrypt.fast and decrypt.norm...

## Compare Execution Time 0.626567 <-> 0.647407
  - Encryption performance improvement: 3.33%
## Compare Execution Time 0.549598 <-> 0.663419
  - Decnryption performance improvement: 20.71%

###### Loop Count: [21]
./AES_encrypt_fast Execution Time: 0.550608...
./AES_decrypt_fast Execution Time: 0.620756...
./AES_encrypt Execution Time: 0.638397...
./AES_decrypt Execution Time: 0.649001...

### Compare result
## Compare file context encrypt.fast <-> encrypt.norm
  - Eqaul between encrypt.fast and encrypt.norm...
## Compare file context decrypt.fast <-> decrypt.norm
  - Eqaul between decrypt.fast and decrypt.norm...

## Compare Execution Time 0.550608 <-> 0.638397
  - Encryption performance improvement: 15.94%
## Compare Execution Time 0.620756 <-> 0.649001
  - Decnryption performance improvement: 4.55%

###### Loop Count: [22]
./AES_encrypt_fast Execution Time: 0.550043...
./AES_decrypt_fast Execution Time: 0.576925...
./AES_encrypt Execution Time: 0.641253...
./AES_decrypt Execution Time: 0.642382...

### Compare result
## Compare file context encrypt.fast <-> encrypt.norm
  - Eqaul between encrypt.fast and encrypt.norm...
## Compare file context decrypt.fast <-> decrypt.norm
  - Eqaul between decrypt.fast and decrypt.norm...

## Compare Execution Time 0.550043 <-> 0.641253
  - Encryption performance improvement: 16.58%
## Compare Execution Time 0.576925 <-> 0.642382
  - Decnryption performance improvement: 11.35%

###### Loop Count: [23]
./AES_encrypt_fast Execution Time: 0.627523...
./AES_decrypt_fast Execution Time: 0.633221...
./AES_encrypt Execution Time: 0.652505...
./AES_decrypt Execution Time: 0.640411...

### Compare result
## Compare file context encrypt.fast <-> encrypt.norm
  - Eqaul between encrypt.fast and encrypt.norm...
## Compare file context decrypt.fast <-> decrypt.norm
  - Eqaul between decrypt.fast and decrypt.norm...

## Compare Execution Time 0.627523 <-> 0.652505
  - Encryption performance improvement: 3.98%
## Compare Execution Time 0.633221 <-> 0.640411
  - Decnryption performance improvement: 1.14%

###### Loop Count: [24]
./AES_encrypt_fast Execution Time: 0.548943...
./AES_decrypt_fast Execution Time: 0.633678...
./AES_encrypt Execution Time: 0.654400...
./AES_decrypt Execution Time: 0.667960...

### Compare result
## Compare file context encrypt.fast <-> encrypt.norm
  - Eqaul between encrypt.fast and encrypt.norm...
## Compare file context decrypt.fast <-> decrypt.norm
  - Eqaul between decrypt.fast and decrypt.norm...

## Compare Execution Time 0.548943 <-> 0.6544
  - Encryption performance improvement: 19.21%
## Compare Execution Time 0.633678 <-> 0.66796
  - Decnryption performance improvement: 5.41%

###### Loop Count: [25]
./AES_encrypt_fast Execution Time: 0.550649...
./AES_decrypt_fast Execution Time: 0.623889...
./AES_encrypt Execution Time: 0.679448...
./AES_decrypt Execution Time: 0.652629...

### Compare result
## Compare file context encrypt.fast <-> encrypt.norm
  - Eqaul between encrypt.fast and encrypt.norm...
## Compare file context decrypt.fast <-> decrypt.norm
  - Eqaul between decrypt.fast and decrypt.norm...

## Compare Execution Time 0.550649 <-> 0.679448
  - Encryption performance improvement: 23.39%
## Compare Execution Time 0.623889 <-> 0.652629
  - Decnryption performance improvement: 4.61%

###### Loop Count: [26]
./AES_encrypt_fast Execution Time: 0.619368...
./AES_decrypt_fast Execution Time: 0.619841...
./AES_encrypt Execution Time: 0.652391...
./AES_decrypt Execution Time: 0.652327...

### Compare result
## Compare file context encrypt.fast <-> encrypt.norm
  - Eqaul between encrypt.fast and encrypt.norm...
## Compare file context decrypt.fast <-> decrypt.norm
  - Eqaul between decrypt.fast and decrypt.norm...

## Compare Execution Time 0.619368 <-> 0.652391
  - Encryption performance improvement: 5.33%
## Compare Execution Time 0.619841 <-> 0.652327
  - Decnryption performance improvement: 5.24%

###### Loop Count: [27]
./AES_encrypt_fast Execution Time: 0.550380...
./AES_decrypt_fast Execution Time: 0.625343...
./AES_encrypt Execution Time: 0.659196...
./AES_decrypt Execution Time: 0.658372...

### Compare result
## Compare file context encrypt.fast <-> encrypt.norm
  - Eqaul between encrypt.fast and encrypt.norm...
## Compare file context decrypt.fast <-> decrypt.norm
  - Eqaul between decrypt.fast and decrypt.norm...

## Compare Execution Time 0.55038 <-> 0.659196
  - Encryption performance improvement: 19.77%
## Compare Execution Time 0.625343 <-> 0.658372
  - Decnryption performance improvement: 5.28%

###### Loop Count: [28]
./AES_encrypt_fast Execution Time: 0.599715...
./AES_decrypt_fast Execution Time: 0.628733...
./AES_encrypt Execution Time: 0.649905...
./AES_decrypt Execution Time: 0.645936...

### Compare result
## Compare file context encrypt.fast <-> encrypt.norm
  - Eqaul between encrypt.fast and encrypt.norm...
## Compare file context decrypt.fast <-> decrypt.norm
  - Eqaul between decrypt.fast and decrypt.norm...

## Compare Execution Time 0.599715 <-> 0.649905
  - Encryption performance improvement: 8.37%
## Compare Execution Time 0.628733 <-> 0.645936
  - Decnryption performance improvement: 2.74%

###### Loop Count: [29]
./AES_encrypt_fast Execution Time: 0.631945...
./AES_decrypt_fast Execution Time: 0.636043...
./AES_encrypt Execution Time: 0.649117...
./AES_decrypt Execution Time: 0.671932...

### Compare result
## Compare file context encrypt.fast <-> encrypt.norm
  - Eqaul between encrypt.fast and encrypt.norm...
## Compare file context decrypt.fast <-> decrypt.norm
  - Eqaul between decrypt.fast and decrypt.norm...

## Compare Execution Time 0.631945 <-> 0.649117
  - Encryption performance improvement: 2.72%
## Compare Execution Time 0.636043 <-> 0.671932
  - Decnryption performance improvement: 5.64%

###### Loop Count: [30]
./AES_encrypt_fast Execution Time: 0.620581...
./AES_decrypt_fast Execution Time: 0.550554...
./AES_encrypt Execution Time: 0.639207...
./AES_decrypt Execution Time: 0.653876...

### Compare result
## Compare file context encrypt.fast <-> encrypt.norm
  - Eqaul between encrypt.fast and encrypt.norm...
## Compare file context decrypt.fast <-> decrypt.norm
  - Eqaul between decrypt.fast and decrypt.norm...

## Compare Execution Time 0.620581 <-> 0.639207
  - Encryption performance improvement: 3.00%
## Compare Execution Time 0.550554 <-> 0.653876
  - Decnryption performance improvement: 18.77%

###### Loop Count: [31]
./AES_encrypt_fast Execution Time: 0.626610...
./AES_decrypt_fast Execution Time: 0.635807...
./AES_encrypt Execution Time: 0.642612...
./AES_decrypt Execution Time: 0.659135...

### Compare result
## Compare file context encrypt.fast <-> encrypt.norm
  - Eqaul between encrypt.fast and encrypt.norm...
## Compare file context decrypt.fast <-> decrypt.norm
  - Eqaul between decrypt.fast and decrypt.norm...

## Compare Execution Time 0.62661 <-> 0.642612
  - Encryption performance improvement: 2.55%
## Compare Execution Time 0.635807 <-> 0.659135
  - Decnryption performance improvement: 3.67%

###### Loop Count: [32]
./AES_encrypt_fast Execution Time: 0.631510...
./AES_decrypt_fast Execution Time: 0.625954...
./AES_encrypt Execution Time: 0.631675...
./AES_decrypt Execution Time: 0.642958...

### Compare result
## Compare file context encrypt.fast <-> encrypt.norm
  - Eqaul between encrypt.fast and encrypt.norm...
## Compare file context decrypt.fast <-> decrypt.norm
  - Eqaul between decrypt.fast and decrypt.norm...

## Compare Execution Time 0.63151 <-> 0.631675
  - Encryption performance improvement: 0.03%
## Compare Execution Time 0.625954 <-> 0.642958
  - Decnryption performance improvement: 2.72%

###### Loop Count: [33]
./AES_encrypt_fast Execution Time: 0.588037...
./AES_decrypt_fast Execution Time: 0.625760...
./AES_encrypt Execution Time: 0.632690...
./AES_decrypt Execution Time: 0.664620...

### Compare result
## Compare file context encrypt.fast <-> encrypt.norm
  - Eqaul between encrypt.fast and encrypt.norm...
## Compare file context decrypt.fast <-> decrypt.norm
  - Eqaul between decrypt.fast and decrypt.norm...

## Compare Execution Time 0.588037 <-> 0.63269
  - Encryption performance improvement: 7.59%
## Compare Execution Time 0.62576 <-> 0.66462
  - Decnryption performance improvement: 6.21%

###### Loop Count: [34]
./AES_encrypt_fast Execution Time: 0.550070...
./AES_decrypt_fast Execution Time: 0.627682...
./AES_encrypt Execution Time: 0.647473...
./AES_decrypt Execution Time: 0.642493...

### Compare result
## Compare file context encrypt.fast <-> encrypt.norm
  - Eqaul between encrypt.fast and encrypt.norm...
## Compare file context decrypt.fast <-> decrypt.norm
  - Eqaul between decrypt.fast and decrypt.norm...

## Compare Execution Time 0.55007 <-> 0.647473
  - Encryption performance improvement: 17.71%
## Compare Execution Time 0.627682 <-> 0.642493
  - Decnryption performance improvement: 2.36%

###### Loop Count: [35]
./AES_encrypt_fast Execution Time: 0.549941...
./AES_decrypt_fast Execution Time: 0.628899...
./AES_encrypt Execution Time: 0.651186...
./AES_decrypt Execution Time: 0.654512...

### Compare result
## Compare file context encrypt.fast <-> encrypt.norm
  - Eqaul between encrypt.fast and encrypt.norm...
## Compare file context decrypt.fast <-> decrypt.norm
  - Eqaul between decrypt.fast and decrypt.norm...

## Compare Execution Time 0.549941 <-> 0.651186
  - Encryption performance improvement: 18.41%
## Compare Execution Time 0.628899 <-> 0.654512
  - Decnryption performance improvement: 4.07%

###### Loop Count: [36]
./AES_encrypt_fast Execution Time: 0.551722...
./AES_decrypt_fast Execution Time: 0.626524...
./AES_encrypt Execution Time: 0.653762...
./AES_decrypt Execution Time: 0.655098...

### Compare result
## Compare file context encrypt.fast <-> encrypt.norm
  - Eqaul between encrypt.fast and encrypt.norm...
## Compare file context decrypt.fast <-> decrypt.norm
  - Eqaul between decrypt.fast and decrypt.norm...

## Compare Execution Time 0.551722 <-> 0.653762
  - Encryption performance improvement: 18.49%
## Compare Execution Time 0.626524 <-> 0.655098
  - Decnryption performance improvement: 4.56%

###### Loop Count: [37]
./AES_encrypt_fast Execution Time: 0.608645...
./AES_decrypt_fast Execution Time: 0.614627...
./AES_encrypt Execution Time: 0.645299...
./AES_decrypt Execution Time: 0.669245...

### Compare result
## Compare file context encrypt.fast <-> encrypt.norm
  - Eqaul between encrypt.fast and encrypt.norm...
## Compare file context decrypt.fast <-> decrypt.norm
  - Eqaul between decrypt.fast and decrypt.norm...

## Compare Execution Time 0.608645 <-> 0.645299
  - Encryption performance improvement: 6.02%
## Compare Execution Time 0.614627 <-> 0.669245
  - Decnryption performance improvement: 8.89%

###### Loop Count: [38]
./AES_encrypt_fast Execution Time: 0.640683...
./AES_decrypt_fast Execution Time: 0.610689...
./AES_encrypt Execution Time: 0.649410...
./AES_decrypt Execution Time: 0.653767...

### Compare result
## Compare file context encrypt.fast <-> encrypt.norm
  - Eqaul between encrypt.fast and encrypt.norm...
## Compare file context decrypt.fast <-> decrypt.norm
  - Eqaul between decrypt.fast and decrypt.norm...

## Compare Execution Time 0.640683 <-> 0.64941
  - Encryption performance improvement: 1.36%
## Compare Execution Time 0.610689 <-> 0.653767
  - Decnryption performance improvement: 7.05%

###### Loop Count: [39]
./AES_encrypt_fast Execution Time: 0.554626...
./AES_decrypt_fast Execution Time: 0.600470...
./AES_encrypt Execution Time: 0.660337...
./AES_decrypt Execution Time: 0.644038...

### Compare result
## Compare file context encrypt.fast <-> encrypt.norm
  - Eqaul between encrypt.fast and encrypt.norm...
## Compare file context decrypt.fast <-> decrypt.norm
  - Eqaul between decrypt.fast and decrypt.norm...

## Compare Execution Time 0.554626 <-> 0.660337
  - Encryption performance improvement: 19.06%
## Compare Execution Time 0.60047 <-> 0.644038
  - Decnryption performance improvement: 7.26%

###### Loop Count: [40]
./AES_encrypt_fast Execution Time: 0.627791...
./AES_decrypt_fast Execution Time: 0.635789...
./AES_encrypt Execution Time: 0.654330...
./AES_decrypt Execution Time: 0.668724...

### Compare result
## Compare file context encrypt.fast <-> encrypt.norm
  - Eqaul between encrypt.fast and encrypt.norm...
## Compare file context decrypt.fast <-> decrypt.norm
  - Eqaul between decrypt.fast and decrypt.norm...

## Compare Execution Time 0.627791 <-> 0.65433
  - Encryption performance improvement: 4.23%
## Compare Execution Time 0.635789 <-> 0.668724
  - Decnryption performance improvement: 5.18%

###### Loop Count: [41]
./AES_encrypt_fast Execution Time: 0.611011...
./AES_decrypt_fast Execution Time: 0.639344...
./AES_encrypt Execution Time: 0.648734...
./AES_decrypt Execution Time: 0.641689...

### Compare result
## Compare file context encrypt.fast <-> encrypt.norm
  - Eqaul between encrypt.fast and encrypt.norm...
## Compare file context decrypt.fast <-> decrypt.norm
  - Eqaul between decrypt.fast and decrypt.norm...

## Compare Execution Time 0.611011 <-> 0.648734
  - Encryption performance improvement: 6.17%
## Compare Execution Time 0.639344 <-> 0.641689
  - Decnryption performance improvement: 0.37%

###### Loop Count: [42]
./AES_encrypt_fast Execution Time: 0.626108...
./AES_decrypt_fast Execution Time: 0.617769...
./AES_encrypt Execution Time: 0.645729...
./AES_decrypt Execution Time: 0.644239...

### Compare result
## Compare file context encrypt.fast <-> encrypt.norm
  - Eqaul between encrypt.fast and encrypt.norm...
## Compare file context decrypt.fast <-> decrypt.norm
  - Eqaul between decrypt.fast and decrypt.norm...

## Compare Execution Time 0.626108 <-> 0.645729
  - Encryption performance improvement: 3.13%
## Compare Execution Time 0.617769 <-> 0.644239
  - Decnryption performance improvement: 4.28%

###### Loop Count: [43]
./AES_encrypt_fast Execution Time: 0.615917...
./AES_decrypt_fast Execution Time: 0.620090...
./AES_encrypt Execution Time: 0.644433...
./AES_decrypt Execution Time: 0.641717...

### Compare result
## Compare file context encrypt.fast <-> encrypt.norm
  - Eqaul between encrypt.fast and encrypt.norm...
## Compare file context decrypt.fast <-> decrypt.norm
  - Eqaul between decrypt.fast and decrypt.norm...

## Compare Execution Time 0.615917 <-> 0.644433
  - Encryption performance improvement: 4.63%
## Compare Execution Time 0.62009 <-> 0.641717
  - Decnryption performance improvement: 3.49%

###### Loop Count: [44]
./AES_encrypt_fast Execution Time: 0.623043...
./AES_decrypt_fast Execution Time: 0.636310...
./AES_encrypt Execution Time: 0.638616...
./AES_decrypt Execution Time: 0.638224...

### Compare result
## Compare file context encrypt.fast <-> encrypt.norm
  - Eqaul between encrypt.fast and encrypt.norm...
## Compare file context decrypt.fast <-> decrypt.norm
  - Eqaul between decrypt.fast and decrypt.norm...

## Compare Execution Time 0.623043 <-> 0.638616
  - Encryption performance improvement: 2.50%
## Compare Execution Time 0.63631 <-> 0.638224
  - Decnryption performance improvement: 0.30%

###### Loop Count: [45]
./AES_encrypt_fast Execution Time: 0.645771...
./AES_decrypt_fast Execution Time: 0.550698...
./AES_encrypt Execution Time: 0.663712...
./AES_decrypt Execution Time: 0.647614...

### Compare result
## Compare file context encrypt.fast <-> encrypt.norm
  - Eqaul between encrypt.fast and encrypt.norm...
## Compare file context decrypt.fast <-> decrypt.norm
  - Eqaul between decrypt.fast and decrypt.norm...

## Compare Execution Time 0.645771 <-> 0.663712
  - Encryption performance improvement: 2.78%
## Compare Execution Time 0.550698 <-> 0.647614
  - Decnryption performance improvement: 17.60%

###### Loop Count: [46]
./AES_encrypt_fast Execution Time: 0.549747...
./AES_decrypt_fast Execution Time: 0.625635...
./AES_encrypt Execution Time: 0.645721...
./AES_decrypt Execution Time: 0.653934...

### Compare result
## Compare file context encrypt.fast <-> encrypt.norm
  - Eqaul between encrypt.fast and encrypt.norm...
## Compare file context decrypt.fast <-> decrypt.norm
  - Eqaul between decrypt.fast and decrypt.norm...

## Compare Execution Time 0.549747 <-> 0.645721
  - Encryption performance improvement: 17.46%
## Compare Execution Time 0.625635 <-> 0.653934
  - Decnryption performance improvement: 4.52%

###### Loop Count: [47]
./AES_encrypt_fast Execution Time: 0.612865...
./AES_decrypt_fast Execution Time: 0.565362...
./AES_encrypt Execution Time: 0.646741...
./AES_decrypt Execution Time: 0.637251...

### Compare result
## Compare file context encrypt.fast <-> encrypt.norm
  - Eqaul between encrypt.fast and encrypt.norm...
## Compare file context decrypt.fast <-> decrypt.norm
  - Eqaul between decrypt.fast and decrypt.norm...

## Compare Execution Time 0.612865 <-> 0.646741
  - Encryption performance improvement: 5.53%
## Compare Execution Time 0.565362 <-> 0.637251
  - Decnryption performance improvement: 12.72%

###### Loop Count: [48]
./AES_encrypt_fast Execution Time: 0.560102...
./AES_decrypt_fast Execution Time: 0.619049...
./AES_encrypt Execution Time: 0.657485...
./AES_decrypt Execution Time: 0.658718...

### Compare result
## Compare file context encrypt.fast <-> encrypt.norm
  - Eqaul between encrypt.fast and encrypt.norm...
## Compare file context decrypt.fast <-> decrypt.norm
  - Eqaul between decrypt.fast and decrypt.norm...

## Compare Execution Time 0.560102 <-> 0.657485
  - Encryption performance improvement: 17.39%
## Compare Execution Time 0.619049 <-> 0.658718
  - Decnryption performance improvement: 6.41%

###### Loop Count: [49]
./AES_encrypt_fast Execution Time: 0.630159...
./AES_decrypt_fast Execution Time: 0.620090...
./AES_encrypt Execution Time: 0.650385...
./AES_decrypt Execution Time: 0.663752...

### Compare result
## Compare file context encrypt.fast <-> encrypt.norm
  - Eqaul between encrypt.fast and encrypt.norm...
## Compare file context decrypt.fast <-> decrypt.norm
  - Eqaul between decrypt.fast and decrypt.norm...

## Compare Execution Time 0.630159 <-> 0.650385
  - Encryption performance improvement: 3.21%
## Compare Execution Time 0.62009 <-> 0.663752
  - Decnryption performance improvement: 7.04%

###### Loop Count: [50]
./AES_encrypt_fast Execution Time: 0.624701...
./AES_decrypt_fast Execution Time: 0.595236...
./AES_encrypt Execution Time: 0.651148...
./AES_decrypt Execution Time: 0.670377...

### Compare result
## Compare file context encrypt.fast <-> encrypt.norm
  - Eqaul between encrypt.fast and encrypt.norm...
## Compare file context decrypt.fast <-> decrypt.norm
  - Eqaul between decrypt.fast and decrypt.norm...

## Compare Execution Time 0.624701 <-> 0.651148
  - Encryption performance improvement: 4.23%
## Compare Execution Time 0.595236 <-> 0.670377
  - Decnryption performance improvement: 12.62%

###### Loop Count: [51]
./AES_encrypt_fast Execution Time: 0.630973...
./AES_decrypt_fast Execution Time: 0.623423...
./AES_encrypt Execution Time: 0.649624...
./AES_decrypt Execution Time: 0.647320...

### Compare result
## Compare file context encrypt.fast <-> encrypt.norm
  - Eqaul between encrypt.fast and encrypt.norm...
## Compare file context decrypt.fast <-> decrypt.norm
  - Eqaul between decrypt.fast and decrypt.norm...

## Compare Execution Time 0.630973 <-> 0.649624
  - Encryption performance improvement: 2.96%
## Compare Execution Time 0.623423 <-> 0.64732
  - Decnryption performance improvement: 3.83%

###### Loop Count: [52]
./AES_encrypt_fast Execution Time: 0.570298...
./AES_decrypt_fast Execution Time: 0.616911...
./AES_encrypt Execution Time: 0.653093...
./AES_decrypt Execution Time: 0.635730...

### Compare result
## Compare file context encrypt.fast <-> encrypt.norm
  - Eqaul between encrypt.fast and encrypt.norm...
## Compare file context decrypt.fast <-> decrypt.norm
  - Eqaul between decrypt.fast and decrypt.norm...

## Compare Execution Time 0.570298 <-> 0.653093
  - Encryption performance improvement: 14.52%
## Compare Execution Time 0.616911 <-> 0.63573
  - Decnryption performance improvement: 3.05%

###### Loop Count: [53]
./AES_encrypt_fast Execution Time: 0.623448...
./AES_decrypt_fast Execution Time: 0.618189...
./AES_encrypt Execution Time: 0.640350...
./AES_decrypt Execution Time: 0.656816...

### Compare result
## Compare file context encrypt.fast <-> encrypt.norm
  - Eqaul between encrypt.fast and encrypt.norm...
## Compare file context decrypt.fast <-> decrypt.norm
  - Eqaul between decrypt.fast and decrypt.norm...

## Compare Execution Time 0.623448 <-> 0.64035
  - Encryption performance improvement: 2.71%
## Compare Execution Time 0.618189 <-> 0.656816
  - Decnryption performance improvement: 6.25%

###### Loop Count: [54]
./AES_encrypt_fast Execution Time: 0.630420...
./AES_decrypt_fast Execution Time: 0.630356...
./AES_encrypt Execution Time: 0.644513...
./AES_decrypt Execution Time: 0.630721...

### Compare result
## Compare file context encrypt.fast <-> encrypt.norm
  - Eqaul between encrypt.fast and encrypt.norm...
## Compare file context decrypt.fast <-> decrypt.norm
  - Eqaul between decrypt.fast and decrypt.norm...

## Compare Execution Time 0.63042 <-> 0.644513
  - Encryption performance improvement: 2.24%
## Compare Execution Time 0.630356 <-> 0.630721
  - Decnryption performance improvement: 0.06%

###### Loop Count: [55]
./AES_encrypt_fast Execution Time: 0.606793...
./AES_decrypt_fast Execution Time: 0.626611...
./AES_encrypt Execution Time: 0.631249...
./AES_decrypt Execution Time: 0.644394...

### Compare result
## Compare file context encrypt.fast <-> encrypt.norm
  - Eqaul between encrypt.fast and encrypt.norm...
## Compare file context decrypt.fast <-> decrypt.norm
  - Eqaul between decrypt.fast and decrypt.norm...

## Compare Execution Time 0.606793 <-> 0.631249
  - Encryption performance improvement: 4.03%
## Compare Execution Time 0.626611 <-> 0.644394
  - Decnryption performance improvement: 2.84%

###### Loop Count: [56]
./AES_encrypt_fast Execution Time: 0.550079...
./AES_decrypt_fast Execution Time: 0.627385...
./AES_encrypt Execution Time: 0.651366...
./AES_decrypt Execution Time: 0.630063...

### Compare result
## Compare file context encrypt.fast <-> encrypt.norm
  - Eqaul between encrypt.fast and encrypt.norm...
## Compare file context decrypt.fast <-> decrypt.norm
  - Eqaul between decrypt.fast and decrypt.norm...

## Compare Execution Time 0.550079 <-> 0.651366
  - Encryption performance improvement: 18.41%
## Compare Execution Time 0.627385 <-> 0.630063
  - Decnryption performance improvement: 0.43%

###### Loop Count: [57]
./AES_encrypt_fast Execution Time: 0.587017...
./AES_decrypt_fast Execution Time: 0.631148...
./AES_encrypt Execution Time: 0.647117...
./AES_decrypt Execution Time: 0.650160...

### Compare result
## Compare file context encrypt.fast <-> encrypt.norm
  - Eqaul between encrypt.fast and encrypt.norm...
## Compare file context decrypt.fast <-> decrypt.norm
  - Eqaul between decrypt.fast and decrypt.norm...

## Compare Execution Time 0.587017 <-> 0.647117
  - Encryption performance improvement: 10.24%
## Compare Execution Time 0.631148 <-> 0.65016
  - Decnryption performance improvement: 3.01%

###### Loop Count: [58]
./AES_encrypt_fast Execution Time: 0.576151...
./AES_decrypt_fast Execution Time: 0.635528...
./AES_encrypt Execution Time: 0.658423...
./AES_decrypt Execution Time: 0.640345...

### Compare result
## Compare file context encrypt.fast <-> encrypt.norm
  - Eqaul between encrypt.fast and encrypt.norm...
## Compare file context decrypt.fast <-> decrypt.norm
  - Eqaul between decrypt.fast and decrypt.norm...

## Compare Execution Time 0.576151 <-> 0.658423
  - Encryption performance improvement: 14.28%
## Compare Execution Time 0.635528 <-> 0.640345
  - Decnryption performance improvement: 0.76%

###### Loop Count: [59]
./AES_encrypt_fast Execution Time: 0.610132...
./AES_decrypt_fast Execution Time: 0.634251...
./AES_encrypt Execution Time: 0.648716...
./AES_decrypt Execution Time: 0.646048...

### Compare result
## Compare file context encrypt.fast <-> encrypt.norm
  - Eqaul between encrypt.fast and encrypt.norm...
## Compare file context decrypt.fast <-> decrypt.norm
  - Eqaul between decrypt.fast and decrypt.norm...

## Compare Execution Time 0.610132 <-> 0.648716
  - Encryption performance improvement: 6.32%
## Compare Execution Time 0.634251 <-> 0.646048
  - Decnryption performance improvement: 1.86%

###### Loop Count: [60]
./AES_encrypt_fast Execution Time: 0.623746...
./AES_decrypt_fast Execution Time: 0.631254...
./AES_encrypt Execution Time: 0.653897...
./AES_decrypt Execution Time: 0.668916...

### Compare result
## Compare file context encrypt.fast <-> encrypt.norm
  - Eqaul between encrypt.fast and encrypt.norm...
## Compare file context decrypt.fast <-> decrypt.norm
  - Eqaul between decrypt.fast and decrypt.norm...

## Compare Execution Time 0.623746 <-> 0.653897
  - Encryption performance improvement: 4.83%
## Compare Execution Time 0.631254 <-> 0.668916
  - Decnryption performance improvement: 5.97%

###### Loop Count: [61]
./AES_encrypt_fast Execution Time: 0.626983...
./AES_decrypt_fast Execution Time: 0.568384...
./AES_encrypt Execution Time: 0.649083...
./AES_decrypt Execution Time: 0.673260...

### Compare result
## Compare file context encrypt.fast <-> encrypt.norm
  - Eqaul between encrypt.fast and encrypt.norm...
## Compare file context decrypt.fast <-> decrypt.norm
  - Eqaul between decrypt.fast and decrypt.norm...

## Compare Execution Time 0.626983 <-> 0.649083
  - Encryption performance improvement: 3.52%
## Compare Execution Time 0.568384 <-> 0.67326
  - Decnryption performance improvement: 18.45%

###### Loop Count: [62]
./AES_encrypt_fast Execution Time: 0.626717...
./AES_decrypt_fast Execution Time: 0.618982...
./AES_encrypt Execution Time: 0.661909...
./AES_decrypt Execution Time: 0.670229...

### Compare result
## Compare file context encrypt.fast <-> encrypt.norm
  - Eqaul between encrypt.fast and encrypt.norm...
## Compare file context decrypt.fast <-> decrypt.norm
  - Eqaul between decrypt.fast and decrypt.norm...

## Compare Execution Time 0.626717 <-> 0.661909
  - Encryption performance improvement: 5.62%
## Compare Execution Time 0.618982 <-> 0.670229
  - Decnryption performance improvement: 8.28%

###### Loop Count: [63]
./AES_encrypt_fast Execution Time: 0.622598...
./AES_decrypt_fast Execution Time: 0.626987...
./AES_encrypt Execution Time: 0.636509...
./AES_decrypt Execution Time: 0.654336...

### Compare result
## Compare file context encrypt.fast <-> encrypt.norm
  - Eqaul between encrypt.fast and encrypt.norm...
## Compare file context decrypt.fast <-> decrypt.norm
  - Eqaul between decrypt.fast and decrypt.norm...

## Compare Execution Time 0.622598 <-> 0.636509
  - Encryption performance improvement: 2.23%
## Compare Execution Time 0.626987 <-> 0.654336
  - Decnryption performance improvement: 4.36%

###### Loop Count: [64]
./AES_encrypt_fast Execution Time: 0.639537...
./AES_decrypt_fast Execution Time: 0.621261...
./AES_encrypt Execution Time: 0.658883...
./AES_decrypt Execution Time: 0.663059...

### Compare result
## Compare file context encrypt.fast <-> encrypt.norm
  - Eqaul between encrypt.fast and encrypt.norm...
## Compare file context decrypt.fast <-> decrypt.norm
  - Eqaul between decrypt.fast and decrypt.norm...

## Compare Execution Time 0.639537 <-> 0.658883
  - Encryption performance improvement: 3.03%
## Compare Execution Time 0.621261 <-> 0.663059
  - Decnryption performance improvement: 6.73%

###### Loop Count: [65]
./AES_encrypt_fast Execution Time: 0.621804...
./AES_decrypt_fast Execution Time: 0.615969...
./AES_encrypt Execution Time: 0.638803...
./AES_decrypt Execution Time: 0.658483...

### Compare result
## Compare file context encrypt.fast <-> encrypt.norm
  - Eqaul between encrypt.fast and encrypt.norm...
## Compare file context decrypt.fast <-> decrypt.norm
  - Eqaul between decrypt.fast and decrypt.norm...

## Compare Execution Time 0.621804 <-> 0.638803
  - Encryption performance improvement: 2.73%
## Compare Execution Time 0.615969 <-> 0.658483
  - Decnryption performance improvement: 6.90%

###### Loop Count: [66]
./AES_encrypt_fast Execution Time: 0.643395...
./AES_decrypt_fast Execution Time: 0.631938...
./AES_encrypt Execution Time: 0.639823...
./AES_decrypt Execution Time: 0.661544...

### Compare result
## Compare file context encrypt.fast <-> encrypt.norm
  - Eqaul between encrypt.fast and encrypt.norm...
## Compare file context decrypt.fast <-> decrypt.norm
  - Eqaul between decrypt.fast and decrypt.norm...

## Compare Execution Time 0.643395 <-> 0.639823
  - Encryption performance improvement: -0.56%
## Compare Execution Time 0.631938 <-> 0.661544
  - Decnryption performance improvement: 4.68%

###### Loop Count: [67]
./AES_encrypt_fast Execution Time: 0.701776...
./AES_decrypt_fast Execution Time: 0.715063...
./AES_encrypt Execution Time: 0.694055...
./AES_decrypt Execution Time: 0.748159...

### Compare result
## Compare file context encrypt.fast <-> encrypt.norm
  - Eqaul between encrypt.fast and encrypt.norm...
## Compare file context decrypt.fast <-> decrypt.norm
  - Eqaul between decrypt.fast and decrypt.norm...

## Compare Execution Time 0.701776 <-> 0.694055
  - Encryption performance improvement: -1.10%
## Compare Execution Time 0.715063 <-> 0.748159
  - Decnryption performance improvement: 4.63%

###### Loop Count: [68]
./AES_encrypt_fast Execution Time: 0.713021...
./AES_decrypt_fast Execution Time: 0.696828...
./AES_encrypt Execution Time: 0.724136...
./AES_decrypt Execution Time: 0.737750...

### Compare result
## Compare file context encrypt.fast <-> encrypt.norm
  - Eqaul between encrypt.fast and encrypt.norm...
## Compare file context decrypt.fast <-> decrypt.norm
  - Eqaul between decrypt.fast and decrypt.norm...

## Compare Execution Time 0.713021 <-> 0.724136
  - Encryption performance improvement: 1.56%
## Compare Execution Time 0.696828 <-> 0.73775
  - Decnryption performance improvement: 5.87%

###### Loop Count: [69]
./AES_encrypt_fast Execution Time: 0.705622...
./AES_decrypt_fast Execution Time: 0.683629...
./AES_encrypt Execution Time: 0.746952...
./AES_decrypt Execution Time: 0.727608...

### Compare result
## Compare file context encrypt.fast <-> encrypt.norm
  - Eqaul between encrypt.fast and encrypt.norm...
## Compare file context decrypt.fast <-> decrypt.norm
  - Eqaul between decrypt.fast and decrypt.norm...

## Compare Execution Time 0.705622 <-> 0.746952
  - Encryption performance improvement: 5.86%
## Compare Execution Time 0.683629 <-> 0.727608
  - Decnryption performance improvement: 6.43%

###### Loop Count: [70]
./AES_encrypt_fast Execution Time: 0.567014...
./AES_decrypt_fast Execution Time: 0.736932...
./AES_encrypt Execution Time: 0.732597...
./AES_decrypt Execution Time: 0.739655...

### Compare result
## Compare file context encrypt.fast <-> encrypt.norm
  - Eqaul between encrypt.fast and encrypt.norm...
## Compare file context decrypt.fast <-> decrypt.norm
  - Eqaul between decrypt.fast and decrypt.norm...

## Compare Execution Time 0.567014 <-> 0.732597
  - Encryption performance improvement: 29.20%
## Compare Execution Time 0.736932 <-> 0.739655
  - Decnryption performance improvement: 0.37%

###### Loop Count: [71]
./AES_encrypt_fast Execution Time: 0.721898...
./AES_decrypt_fast Execution Time: 0.612426...
./AES_encrypt Execution Time: 0.764540...
./AES_decrypt Execution Time: 0.744976...

### Compare result
## Compare file context encrypt.fast <-> encrypt.norm
  - Eqaul between encrypt.fast and encrypt.norm...
## Compare file context decrypt.fast <-> decrypt.norm
  - Eqaul between decrypt.fast and decrypt.norm...

## Compare Execution Time 0.721898 <-> 0.76454
  - Encryption performance improvement: 5.91%
## Compare Execution Time 0.612426 <-> 0.744976
  - Decnryption performance improvement: 21.64%

###### Loop Count: [72]
./AES_encrypt_fast Execution Time: 0.704936...
./AES_decrypt_fast Execution Time: 0.648049...
./AES_encrypt Execution Time: 0.741062...
./AES_decrypt Execution Time: 0.733627...

### Compare result
## Compare file context encrypt.fast <-> encrypt.norm
  - Eqaul between encrypt.fast and encrypt.norm...
## Compare file context decrypt.fast <-> decrypt.norm
  - Eqaul between decrypt.fast and decrypt.norm...

## Compare Execution Time 0.704936 <-> 0.741062
  - Encryption performance improvement: 5.12%
## Compare Execution Time 0.648049 <-> 0.733627
  - Decnryption performance improvement: 13.21%

###### Loop Count: [73]
./AES_encrypt_fast Execution Time: 0.689299...
./AES_decrypt_fast Execution Time: 0.709304...
./AES_encrypt Execution Time: 0.737163...
./AES_decrypt Execution Time: 0.724703...

### Compare result
## Compare file context encrypt.fast <-> encrypt.norm
  - Eqaul between encrypt.fast and encrypt.norm...
## Compare file context decrypt.fast <-> decrypt.norm
  - Eqaul between decrypt.fast and decrypt.norm...

## Compare Execution Time 0.689299 <-> 0.737163
  - Encryption performance improvement: 6.94%
## Compare Execution Time 0.709304 <-> 0.724703
  - Decnryption performance improvement: 2.17%

###### Loop Count: [74]
./AES_encrypt_fast Execution Time: 0.712697...
./AES_decrypt_fast Execution Time: 0.668216...
./AES_encrypt Execution Time: 0.745847...
./AES_decrypt Execution Time: 0.760216...

### Compare result
## Compare file context encrypt.fast <-> encrypt.norm
  - Eqaul between encrypt.fast and encrypt.norm...
## Compare file context decrypt.fast <-> decrypt.norm
  - Eqaul between decrypt.fast and decrypt.norm...

## Compare Execution Time 0.712697 <-> 0.745847
  - Encryption performance improvement: 4.65%
## Compare Execution Time 0.668216 <-> 0.760216
  - Decnryption performance improvement: 13.77%

###### Loop Count: [75]
./AES_encrypt_fast Execution Time: 0.711888...
./AES_decrypt_fast Execution Time: 0.668523...
./AES_encrypt Execution Time: 0.749751...
./AES_decrypt Execution Time: 0.745376...

### Compare result
## Compare file context encrypt.fast <-> encrypt.norm
  - Eqaul between encrypt.fast and encrypt.norm...
## Compare file context decrypt.fast <-> decrypt.norm
  - Eqaul between decrypt.fast and decrypt.norm...

## Compare Execution Time 0.711888 <-> 0.749751
  - Encryption performance improvement: 5.32%
## Compare Execution Time 0.668523 <-> 0.745376
  - Decnryption performance improvement: 11.50%

###### Loop Count: [76]
./AES_encrypt_fast Execution Time: 0.710268...
./AES_decrypt_fast Execution Time: 0.586573...
./AES_encrypt Execution Time: 0.736396...
./AES_decrypt Execution Time: 0.749243...

### Compare result
## Compare file context encrypt.fast <-> encrypt.norm
  - Eqaul between encrypt.fast and encrypt.norm...
## Compare file context decrypt.fast <-> decrypt.norm
  - Eqaul between decrypt.fast and decrypt.norm...

## Compare Execution Time 0.710268 <-> 0.736396
  - Encryption performance improvement: 3.68%
## Compare Execution Time 0.586573 <-> 0.749243
  - Decnryption performance improvement: 27.73%

###### Loop Count: [77]
./AES_encrypt_fast Execution Time: 0.559839...
./AES_decrypt_fast Execution Time: 0.694782...
./AES_encrypt Execution Time: 0.752594...
./AES_decrypt Execution Time: 0.739673...

### Compare result
## Compare file context encrypt.fast <-> encrypt.norm
  - Eqaul between encrypt.fast and encrypt.norm...
## Compare file context decrypt.fast <-> decrypt.norm
  - Eqaul between decrypt.fast and decrypt.norm...

## Compare Execution Time 0.559839 <-> 0.752594
  - Encryption performance improvement: 34.43%
## Compare Execution Time 0.694782 <-> 0.739673
  - Decnryption performance improvement: 6.46%

###### Loop Count: [78]
./AES_encrypt_fast Execution Time: 0.663317...
./AES_decrypt_fast Execution Time: 0.716187...
./AES_encrypt Execution Time: 0.724786...
./AES_decrypt Execution Time: 0.751219...

### Compare result
## Compare file context encrypt.fast <-> encrypt.norm
  - Eqaul between encrypt.fast and encrypt.norm...
## Compare file context decrypt.fast <-> decrypt.norm
  - Eqaul between decrypt.fast and decrypt.norm...

## Compare Execution Time 0.663317 <-> 0.724786
  - Encryption performance improvement: 9.27%
## Compare Execution Time 0.716187 <-> 0.751219
  - Decnryption performance improvement: 4.89%

###### Loop Count: [79]
./AES_encrypt_fast Execution Time: 0.570407...
./AES_decrypt_fast Execution Time: 0.696739...
./AES_encrypt Execution Time: 0.746652...
./AES_decrypt Execution Time: 0.736356...

### Compare result
## Compare file context encrypt.fast <-> encrypt.norm
  - Eqaul between encrypt.fast and encrypt.norm...
## Compare file context decrypt.fast <-> decrypt.norm
  - Eqaul between decrypt.fast and decrypt.norm...

## Compare Execution Time 0.570407 <-> 0.746652
  - Encryption performance improvement: 30.90%
## Compare Execution Time 0.696739 <-> 0.736356
  - Decnryption performance improvement: 5.69%

###### Loop Count: [80]
./AES_encrypt_fast Execution Time: 0.720387...
./AES_decrypt_fast Execution Time: 0.725487...
./AES_encrypt Execution Time: 0.721247...
./AES_decrypt Execution Time: 0.751551...

### Compare result
## Compare file context encrypt.fast <-> encrypt.norm
  - Eqaul between encrypt.fast and encrypt.norm...
## Compare file context decrypt.fast <-> decrypt.norm
  - Eqaul between decrypt.fast and decrypt.norm...

## Compare Execution Time 0.720387 <-> 0.721247
  - Encryption performance improvement: 0.12%
## Compare Execution Time 0.725487 <-> 0.751551
  - Decnryption performance improvement: 3.59%

###### Loop Count: [81]
./AES_encrypt_fast Execution Time: 0.704355...
./AES_decrypt_fast Execution Time: 0.714887...
./AES_encrypt Execution Time: 0.699080...
./AES_decrypt Execution Time: 0.749483...

### Compare result
## Compare file context encrypt.fast <-> encrypt.norm
  - Eqaul between encrypt.fast and encrypt.norm...
## Compare file context decrypt.fast <-> decrypt.norm
  - Eqaul between decrypt.fast and decrypt.norm...

## Compare Execution Time 0.704355 <-> 0.69908
  - Encryption performance improvement: -0.75%
## Compare Execution Time 0.714887 <-> 0.749483
  - Decnryption performance improvement: 4.84%

###### Loop Count: [82]
./AES_encrypt_fast Execution Time: 0.583836...
./AES_decrypt_fast Execution Time: 0.733857...
./AES_encrypt Execution Time: 0.724568...
./AES_decrypt Execution Time: 0.723010...

### Compare result
## Compare file context encrypt.fast <-> encrypt.norm
  - Eqaul between encrypt.fast and encrypt.norm...
## Compare file context decrypt.fast <-> decrypt.norm
  - Eqaul between decrypt.fast and decrypt.norm...

## Compare Execution Time 0.583836 <-> 0.724568
  - Encryption performance improvement: 24.10%
## Compare Execution Time 0.733857 <-> 0.72301
  - Decnryption performance improvement: -1.48%

###### Loop Count: [83]
./AES_encrypt_fast Execution Time: 0.621274...
./AES_decrypt_fast Execution Time: 0.575125...
./AES_encrypt Execution Time: 0.740942...
./AES_decrypt Execution Time: 0.741445...

### Compare result
## Compare file context encrypt.fast <-> encrypt.norm
  - Eqaul between encrypt.fast and encrypt.norm...
## Compare file context decrypt.fast <-> decrypt.norm
  - Eqaul between decrypt.fast and decrypt.norm...

## Compare Execution Time 0.621274 <-> 0.740942
  - Encryption performance improvement: 19.26%
## Compare Execution Time 0.575125 <-> 0.741445
  - Decnryption performance improvement: 28.92%

###### Loop Count: [84]
./AES_encrypt_fast Execution Time: 0.575111...
./AES_decrypt_fast Execution Time: 0.700179...
./AES_encrypt Execution Time: 0.755176...
./AES_decrypt Execution Time: 0.723299...

### Compare result
## Compare file context encrypt.fast <-> encrypt.norm
  - Eqaul between encrypt.fast and encrypt.norm...
## Compare file context decrypt.fast <-> decrypt.norm
  - Eqaul between decrypt.fast and decrypt.norm...

## Compare Execution Time 0.575111 <-> 0.755176
  - Encryption performance improvement: 31.31%
## Compare Execution Time 0.700179 <-> 0.723299
  - Decnryption performance improvement: 3.30%

###### Loop Count: [85]
./AES_encrypt_fast Execution Time: 0.691268...
./AES_decrypt_fast Execution Time: 0.575025...
./AES_encrypt Execution Time: 0.743238...
./AES_decrypt Execution Time: 0.746327...

### Compare result
## Compare file context encrypt.fast <-> encrypt.norm
  - Eqaul between encrypt.fast and encrypt.norm...
## Compare file context decrypt.fast <-> decrypt.norm
  - Eqaul between decrypt.fast and decrypt.norm...

## Compare Execution Time 0.691268 <-> 0.743238
  - Encryption performance improvement: 7.52%
## Compare Execution Time 0.575025 <-> 0.746327
  - Decnryption performance improvement: 29.79%

###### Loop Count: [86]
./AES_encrypt_fast Execution Time: 0.700405...
./AES_decrypt_fast Execution Time: 0.628889...
./AES_encrypt Execution Time: 0.716763...
./AES_decrypt Execution Time: 0.734975...

### Compare result
## Compare file context encrypt.fast <-> encrypt.norm
  - Eqaul between encrypt.fast and encrypt.norm...
## Compare file context decrypt.fast <-> decrypt.norm
  - Eqaul between decrypt.fast and decrypt.norm...

## Compare Execution Time 0.700405 <-> 0.716763
  - Encryption performance improvement: 2.34%
## Compare Execution Time 0.628889 <-> 0.734975
  - Decnryption performance improvement: 16.87%

###### Loop Count: [87]
./AES_encrypt_fast Execution Time: 0.678561...
./AES_decrypt_fast Execution Time: 0.706709...
./AES_encrypt Execution Time: 0.710330...
./AES_decrypt Execution Time: 0.725644...

### Compare result
## Compare file context encrypt.fast <-> encrypt.norm
  - Eqaul between encrypt.fast and encrypt.norm...
## Compare file context decrypt.fast <-> decrypt.norm
  - Eqaul between decrypt.fast and decrypt.norm...

## Compare Execution Time 0.678561 <-> 0.71033
  - Encryption performance improvement: 4.68%
## Compare Execution Time 0.706709 <-> 0.725644
  - Decnryption performance improvement: 2.68%

###### Loop Count: [88]
./AES_encrypt_fast Execution Time: 0.701653...
./AES_decrypt_fast Execution Time: 0.571599...
./AES_encrypt Execution Time: 0.710948...
./AES_decrypt Execution Time: 0.717661...

### Compare result
## Compare file context encrypt.fast <-> encrypt.norm
  - Eqaul between encrypt.fast and encrypt.norm...
## Compare file context decrypt.fast <-> decrypt.norm
  - Eqaul between decrypt.fast and decrypt.norm...

## Compare Execution Time 0.701653 <-> 0.710948
  - Encryption performance improvement: 1.32%
## Compare Execution Time 0.571599 <-> 0.717661
  - Decnryption performance improvement: 25.55%

###### Loop Count: [89]
./AES_encrypt_fast Execution Time: 0.691137...
./AES_decrypt_fast Execution Time: 0.681395...
./AES_encrypt Execution Time: 0.721955...
./AES_decrypt Execution Time: 0.750836...

### Compare result
## Compare file context encrypt.fast <-> encrypt.norm
  - Eqaul between encrypt.fast and encrypt.norm...
## Compare file context decrypt.fast <-> decrypt.norm
  - Eqaul between decrypt.fast and decrypt.norm...

## Compare Execution Time 0.691137 <-> 0.721955
  - Encryption performance improvement: 4.46%
## Compare Execution Time 0.681395 <-> 0.750836
  - Decnryption performance improvement: 10.19%

###### Loop Count: [90]
./AES_encrypt_fast Execution Time: 0.684513...
./AES_decrypt_fast Execution Time: 0.690783...
./AES_encrypt Execution Time: 0.724717...
./AES_decrypt Execution Time: 0.703270...

### Compare result
## Compare file context encrypt.fast <-> encrypt.norm
  - Eqaul between encrypt.fast and encrypt.norm...
## Compare file context decrypt.fast <-> decrypt.norm
  - Eqaul between decrypt.fast and decrypt.norm...

## Compare Execution Time 0.684513 <-> 0.724717
  - Encryption performance improvement: 5.87%
## Compare Execution Time 0.690783 <-> 0.70327
  - Decnryption performance improvement: 1.81%

###### Loop Count: [91]
./AES_encrypt_fast Execution Time: 0.701312...
./AES_decrypt_fast Execution Time: 0.707609...
./AES_encrypt Execution Time: 0.743407...
./AES_decrypt Execution Time: 0.738579...

### Compare result
## Compare file context encrypt.fast <-> encrypt.norm
  - Eqaul between encrypt.fast and encrypt.norm...
## Compare file context decrypt.fast <-> decrypt.norm
  - Eqaul between decrypt.fast and decrypt.norm...

## Compare Execution Time 0.701312 <-> 0.743407
  - Encryption performance improvement: 6.00%
## Compare Execution Time 0.707609 <-> 0.738579
  - Decnryption performance improvement: 4.38%

###### Loop Count: [92]
./AES_encrypt_fast Execution Time: 0.720121...
./AES_decrypt_fast Execution Time: 0.734521...
./AES_encrypt Execution Time: 0.721513...
./AES_decrypt Execution Time: 0.725422...

### Compare result
## Compare file context encrypt.fast <-> encrypt.norm
  - Eqaul between encrypt.fast and encrypt.norm...
## Compare file context decrypt.fast <-> decrypt.norm
  - Eqaul between decrypt.fast and decrypt.norm...

## Compare Execution Time 0.720121 <-> 0.721513
  - Encryption performance improvement: 0.19%
## Compare Execution Time 0.734521 <-> 0.725422
  - Decnryption performance improvement: -1.24%

###### Loop Count: [93]
./AES_encrypt_fast Execution Time: 0.655572...
./AES_decrypt_fast Execution Time: 0.578808...
./AES_encrypt Execution Time: 0.747998...
./AES_decrypt Execution Time: 0.735321...

### Compare result
## Compare file context encrypt.fast <-> encrypt.norm
  - Eqaul between encrypt.fast and encrypt.norm...
## Compare file context decrypt.fast <-> decrypt.norm
  - Eqaul between decrypt.fast and decrypt.norm...

## Compare Execution Time 0.655572 <-> 0.747998
  - Encryption performance improvement: 14.10%
## Compare Execution Time 0.578808 <-> 0.735321
  - Decnryption performance improvement: 27.04%

###### Loop Count: [94]
./AES_encrypt_fast Execution Time: 0.710312...
./AES_decrypt_fast Execution Time: 0.584353...
./AES_encrypt Execution Time: 0.734446...
./AES_decrypt Execution Time: 0.749514...

### Compare result
## Compare file context encrypt.fast <-> encrypt.norm
  - Eqaul between encrypt.fast and encrypt.norm...
## Compare file context decrypt.fast <-> decrypt.norm
  - Eqaul between decrypt.fast and decrypt.norm...

## Compare Execution Time 0.710312 <-> 0.734446
  - Encryption performance improvement: 3.40%
## Compare Execution Time 0.584353 <-> 0.749514
  - Decnryption performance improvement: 28.26%

###### Loop Count: [95]
./AES_encrypt_fast Execution Time: 0.711688...
./AES_decrypt_fast Execution Time: 0.592824...
./AES_encrypt Execution Time: 0.746732...
./AES_decrypt Execution Time: 0.742742...

### Compare result
## Compare file context encrypt.fast <-> encrypt.norm
  - Eqaul between encrypt.fast and encrypt.norm...
## Compare file context decrypt.fast <-> decrypt.norm
  - Eqaul between decrypt.fast and decrypt.norm...

## Compare Execution Time 0.711688 <-> 0.746732
  - Encryption performance improvement: 4.92%
## Compare Execution Time 0.592824 <-> 0.742742
  - Decnryption performance improvement: 25.29%

###### Loop Count: [96]
./AES_encrypt_fast Execution Time: 0.575894...
./AES_decrypt_fast Execution Time: 0.703237...
./AES_encrypt Execution Time: 0.724002...
./AES_decrypt Execution Time: 0.740430...

### Compare result
## Compare file context encrypt.fast <-> encrypt.norm
  - Eqaul between encrypt.fast and encrypt.norm...
## Compare file context decrypt.fast <-> decrypt.norm
  - Eqaul between decrypt.fast and decrypt.norm...

## Compare Execution Time 0.575894 <-> 0.724002
  - Encryption performance improvement: 25.72%
## Compare Execution Time 0.703237 <-> 0.74043
  - Decnryption performance improvement: 5.29%

###### Loop Count: [97]
./AES_encrypt_fast Execution Time: 0.683801...
./AES_decrypt_fast Execution Time: 0.620645...
./AES_encrypt Execution Time: 0.725370...
./AES_decrypt Execution Time: 0.753326...

### Compare result
## Compare file context encrypt.fast <-> encrypt.norm
  - Eqaul between encrypt.fast and encrypt.norm...
## Compare file context decrypt.fast <-> decrypt.norm
  - Eqaul between decrypt.fast and decrypt.norm...

## Compare Execution Time 0.683801 <-> 0.72537
  - Encryption performance improvement: 6.08%
## Compare Execution Time 0.620645 <-> 0.753326
  - Decnryption performance improvement: 21.38%

###### Loop Count: [98]
./AES_encrypt_fast Execution Time: 0.708487...
./AES_decrypt_fast Execution Time: 0.679010...
./AES_encrypt Execution Time: 0.711976...
./AES_decrypt Execution Time: 0.730219...

### Compare result
## Compare file context encrypt.fast <-> encrypt.norm
  - Eqaul between encrypt.fast and encrypt.norm...
## Compare file context decrypt.fast <-> decrypt.norm
  - Eqaul between decrypt.fast and decrypt.norm...

## Compare Execution Time 0.708487 <-> 0.711976
  - Encryption performance improvement: 0.49%
## Compare Execution Time 0.67901 <-> 0.730219
  - Decnryption performance improvement: 7.54%

###### Loop Count: [99]
./AES_encrypt_fast Execution Time: 0.663694...
./AES_decrypt_fast Execution Time: 0.643553...
./AES_encrypt Execution Time: 0.751619...
./AES_decrypt Execution Time: 0.744781...

### Compare result
## Compare file context encrypt.fast <-> encrypt.norm
  - Eqaul between encrypt.fast and encrypt.norm...
## Compare file context decrypt.fast <-> decrypt.norm
  - Eqaul between decrypt.fast and decrypt.norm...

## Compare Execution Time 0.663694 <-> 0.751619
  - Encryption performance improvement: 13.25%
## Compare Execution Time 0.643553 <-> 0.744781
  - Decnryption performance improvement: 15.73%

###### Loop Count: [100]
./AES_encrypt_fast Execution Time: 0.656115...
./AES_decrypt_fast Execution Time: 0.716369...
./AES_encrypt Execution Time: 0.719157...
./AES_decrypt Execution Time: 0.740310...

### Compare result
## Compare file context encrypt.fast <-> encrypt.norm
  - Eqaul between encrypt.fast and encrypt.norm...
## Compare file context decrypt.fast <-> decrypt.norm
  - Eqaul between decrypt.fast and decrypt.norm...

## Compare Execution Time 0.656115 <-> 0.719157
  - Encryption performance improvement: 9.61%
## Compare Execution Time 0.716369 <-> 0.74031
  - Decnryption performance improvement: 3.34%

------- Summary ------
Loop Count:  100
[ENCRYPT SUMMARY]
Avg improvement rate: 8.86%
Max improvement rate: 34.43%
Min improvement rate: -1.10%
Bad performance rate: 3.00% [3 / 100]
[DECRYPT SUMMARY]
Avg improvement rate: 7.71%
Max improvement rate: 29.79%
Min improvement rate: -1.48%
Bad performance rate: 2.00% [2 / 100]

Total performance rate ([LOOP] ENC | DEC)
[Loop: 1] 3.57% | 20.14%
[Loop: 2] 7.05% | 3.91%
[Loop: 3] 18.58% | 2.52%
[Loop: 4] 19.32% | 2.71%
[Loop: 5] 19.50% | 3.75%
[Loop: 6] 3.51% | 6.73%
[Loop: 7] 10.69% | 7.48%
[Loop: 8] 3.34% | 4.72%
[Loop: 9] 7.34% | 3.56%
[Loop: 10] 3.83% | 6.74%
[Loop: 11] 1.37% | 5.29%
[Loop: 12] 5.26% | 0.25%
[Loop: 13] 4.14% | 4.05%
[Loop: 14] 9.30% | 8.16%
[Loop: 15] 2.44% | 4.80%
[Loop: 16] 16.03% | 7.64%
[Loop: 17] 17.82% | 2.07%
[Loop: 18] 10.49% | 4.25%
[Loop: 19] 15.42% | 0.49%
[Loop: 20] 3.33% | 20.71%
[Loop: 21] 15.94% | 4.55%
[Loop: 22] 16.58% | 11.35%
[Loop: 23] 3.98% | 1.14%
[Loop: 24] 19.21% | 5.41%
[Loop: 25] 23.39% | 4.61%
[Loop: 26] 5.33% | 5.24%
[Loop: 27] 19.77% | 5.28%
[Loop: 28] 8.37% | 2.74%
[Loop: 29] 2.72% | 5.64%
[Loop: 30] 3.00% | 18.77%
[Loop: 31] 2.55% | 3.67%
[Loop: 32] 0.03% | 2.72%
[Loop: 33] 7.59% | 6.21%
[Loop: 34] 17.71% | 2.36%
[Loop: 35] 18.41% | 4.07%
[Loop: 36] 18.49% | 4.56%
[Loop: 37] 6.02% | 8.89%
[Loop: 38] 1.36% | 7.05%
[Loop: 39] 19.06% | 7.26%
[Loop: 40] 4.23% | 5.18%
[Loop: 41] 6.17% | 0.37%
[Loop: 42] 3.13% | 4.28%
[Loop: 43] 4.63% | 3.49%
[Loop: 44] 2.50% | 0.30%
[Loop: 45] 2.78% | 17.60%
[Loop: 46] 17.46% | 4.52%
[Loop: 47] 5.53% | 12.72%
[Loop: 48] 17.39% | 6.41%
[Loop: 49] 3.21% | 7.04%
[Loop: 50] 4.23% | 12.62%
[Loop: 51] 2.96% | 3.83%
[Loop: 52] 14.52% | 3.05%
[Loop: 53] 2.71% | 6.25%
[Loop: 54] 2.24% | 0.06%
[Loop: 55] 4.03% | 2.84%
[Loop: 56] 18.41% | 0.43%
[Loop: 57] 10.24% | 3.01%
[Loop: 58] 14.28% | 0.76%
[Loop: 59] 6.32% | 1.86%
[Loop: 60] 4.83% | 5.97%
[Loop: 61] 3.52% | 18.45%
[Loop: 62] 5.62% | 8.28%
[Loop: 63] 2.23% | 4.36%
[Loop: 64] 3.03% | 6.73%
[Loop: 65] 2.73% | 6.90%
[Loop: 66] -0.56% | 4.68%
[Loop: 67] -1.10% | 4.63%
[Loop: 68] 1.56% | 5.87%
[Loop: 69] 5.86% | 6.43%
[Loop: 70] 29.20% | 0.37%
[Loop: 71] 5.91% | 21.64%
[Loop: 72] 5.12% | 13.21%
[Loop: 73] 6.94% | 2.17%
[Loop: 74] 4.65% | 13.77%
[Loop: 75] 5.32% | 11.50%
[Loop: 76] 3.68% | 27.73%
[Loop: 77] 34.43% | 6.46%
[Loop: 78] 9.27% | 4.89%
[Loop: 79] 30.90% | 5.69%
[Loop: 80] 0.12% | 3.59%
[Loop: 81] -0.75% | 4.84%
[Loop: 82] 24.10% | -1.48%
[Loop: 83] 19.26% | 28.92%
[Loop: 84] 31.31% | 3.30%
[Loop: 85] 7.52% | 29.79%
[Loop: 86] 2.34% | 16.87%
[Loop: 87] 4.68% | 2.68%
[Loop: 88] 1.32% | 25.55%
[Loop: 89] 4.46% | 10.19%
[Loop: 90] 5.87% | 1.81%
[Loop: 91] 6.00% | 4.38%
[Loop: 92] 0.19% | -1.24%
[Loop: 93] 14.10% | 27.04%
[Loop: 94] 3.40% | 28.26%
[Loop: 95] 4.92% | 25.29%
[Loop: 96] 25.72% | 5.29%
[Loop: 97] 6.08% | 21.38%
[Loop: 98] 0.49% | 7.54%
[Loop: 99] 13.25% | 15.73%
[Loop: 100] 9.61% | 3.34%


